<?xml version="1.0" encoding="UTF-8"?>
<!-- Generated by org.testng.reporters.JUnitReportReporter -->
<testsuite hostname="Holy-Smokes" failures="0" tests="2" name="Academy.E2EProject.LoginPageTest" time="8.347" errors="0" timestamp="2022-01-16T07:34:03 IST" skipped="0">
  <testcase classname="Academy.E2EProject.LoginPageTest" name="validLoginTest" time="4.667"/>
  <system-out/>
  <testcase classname="Academy.E2EProject.LoginPageTest" name="validLoginTest" time="3.680"/>
  <system-out/>
</testsuite> <!-- Academy.E2EProject.LoginPageTest -->
