<?xml version="1.0" encoding="UTF-8"?>
<!-- Generated by org.testng.reporters.JUnitReportReporter -->
<testsuite hostname="Holy-Smokes" failures="0" tests="1" name="Academy.E2EProject.DatabaseTest" time="0.365" errors="0" timestamp="2022-01-16T03:33:07 IST" skipped="0">
  <testcase classname="Academy.E2EProject.DatabaseTest" name="getEmpNameFromDB" time="0.365"/>
  <system-out/>
</testsuite> <!-- Academy.E2EProject.DatabaseTest -->
