<?xml version="1.0" encoding="UTF-8"?>
<!-- Generated by org.testng.reporters.JUnitReportReporter -->
<testsuite hostname="Holy-Smokes" failures="0" tests="2" name="Academy.E2EProject.LoginPageTest" time="10.584" errors="0" timestamp="2022-01-16T00:50:01 IST" skipped="0">
  <testcase classname="Academy.E2EProject.LoginPageTest" name="validLoginTest" time="6.185"/>
  <system-out/>
  <testcase classname="Academy.E2EProject.LoginPageTest" name="validLoginTest" time="4.399"/>
  <system-out/>
</testsuite> <!-- Academy.E2EProject.LoginPageTest -->
